0 info it worked if it ends with ok
1 verbose cli [ '/usr/local/bin/node', '/usr/local/bin/npm', 'install' ]
2 info using npm@2.15.1
3 info using node@v4.4.4
4 verbose readDependencies loading dependencies from /Users/LetanyanArumugam/Documents/GitHub/COS301-Capstone/Source/Web/functions/package.json
5 verbose install where, deps [ '/Users/LetanyanArumugam/Documents/GitHub/COS301-Capstone/Source/Web/functions',
5 verbose install   [ 'firebase-admin',
5 verbose install     'firebase-functions',
5 verbose install     'ava',
5 verbose install     'eslint',
5 verbose install     'eslint-plugin-promise' ] ]
6 verbose install where, peers [ '/Users/LetanyanArumugam/Documents/GitHub/COS301-Capstone/Source/Web/functions',
6 verbose install   [] ]
7 verbose installManyTop reading for lifecycle /Users/LetanyanArumugam/Documents/GitHub/COS301-Capstone/Source/Web/functions/package.json
8 info preinstall functions@
9 verbose installManyTop reading scoped package data from /Users/LetanyanArumugam/Documents/GitHub/COS301-Capstone/Source/Web/functions/node_modules/ava/package.json
10 verbose installManyTop reading scoped package data from /Users/LetanyanArumugam/Documents/GitHub/COS301-Capstone/Source/Web/functions/node_modules/eslint/package.json
11 verbose installManyTop reading scoped package data from /Users/LetanyanArumugam/Documents/GitHub/COS301-Capstone/Source/Web/functions/node_modules/eslint-plugin-promise/package.json
12 verbose installManyTop reading scoped package data from /Users/LetanyanArumugam/Documents/GitHub/COS301-Capstone/Source/Web/functions/node_modules/firebase-admin/package.json
13 verbose installManyTop reading scoped package data from /Users/LetanyanArumugam/Documents/GitHub/COS301-Capstone/Source/Web/functions/node_modules/firebase-functions/package.json
14 verbose readDependencies loading dependencies from /Users/LetanyanArumugam/Documents/GitHub/COS301-Capstone/Source/Web/functions/package.json
15 verbose targetResolver reading package data from /Users/LetanyanArumugam/Documents/GitHub/COS301-Capstone/Source/Web/functions/node_modules/ava/package.json
16 verbose targetResolver reading package data from /Users/LetanyanArumugam/Documents/GitHub/COS301-Capstone/Source/Web/functions/node_modules/eslint/package.json
17 verbose targetResolver reading package data from /Users/LetanyanArumugam/Documents/GitHub/COS301-Capstone/Source/Web/functions/node_modules/eslint-plugin-promise/package.json
18 verbose targetResolver reading package data from /Users/LetanyanArumugam/Documents/GitHub/COS301-Capstone/Source/Web/functions/node_modules/firebase-admin/package.json
19 verbose targetResolver reading package data from /Users/LetanyanArumugam/Documents/GitHub/COS301-Capstone/Source/Web/functions/node_modules/firebase-functions/package.json
20 verbose targetResolver reading package data from /Users/LetanyanArumugam/Documents/GitHub/COS301-Capstone/Source/Web/functions/node_modules/.bin/ava/package.json
21 verbose targetResolver reading package data from /Users/LetanyanArumugam/Documents/GitHub/COS301-Capstone/Source/Web/functions/node_modules/.bin/eslint/package.json
22 verbose already installed skipping eslint-plugin-promise@^3.6.0 /Users/LetanyanArumugam/Documents/GitHub/COS301-Capstone/Source/Web/functions
23 verbose already installed skipping firebase-admin@~5.10.0 /Users/LetanyanArumugam/Documents/GitHub/COS301-Capstone/Source/Web/functions
24 verbose already installed skipping firebase-functions@^0.9.0 /Users/LetanyanArumugam/Documents/GitHub/COS301-Capstone/Source/Web/functions
25 verbose already installed skipping ava@^1.0.0-beta.3 /Users/LetanyanArumugam/Documents/GitHub/COS301-Capstone/Source/Web/functions
26 verbose already installed skipping eslint@^4.12.0 /Users/LetanyanArumugam/Documents/GitHub/COS301-Capstone/Source/Web/functions
27 silly install resolved []
28 info build /Users/LetanyanArumugam/Documents/GitHub/COS301-Capstone/Source/Web/functions
29 info linkStuff functions@
30 silly linkStuff functions@ has /Users/LetanyanArumugam/Documents/GitHub/COS301-Capstone/Source/Web as its parent node_modules
31 verbose linkBins functions@
32 verbose linkMans functions@
33 verbose rebuildBundles functions@
34 verbose rebuildBundles [ '.DS_Store',
34 verbose rebuildBundles   '.bin',
34 verbose rebuildBundles   'ava',
34 verbose rebuildBundles   'eslint',
34 verbose rebuildBundles   'eslint-plugin-promise',
34 verbose rebuildBundles   'firebase-admin',
34 verbose rebuildBundles   'firebase-functions' ]
35 info install functions@
36 info postinstall functions@
37 info prepublish functions@
38 verbose validateInstall loading /Users/LetanyanArumugam/Documents/GitHub/COS301-Capstone/Source/Web/functions/package.json for validation
39 verbose stack Error: The package @babel/core@7.0.0-beta.38 does not satisfy its siblings' peerDependencies requirements!
39 verbose stack     at /usr/local/lib/node_modules/npm/lib/install.js:125:32
39 verbose stack     at /usr/local/lib/node_modules/npm/lib/install.js:268:7
39 verbose stack     at /usr/local/lib/node_modules/npm/node_modules/read-installed/read-installed.js:142:5
39 verbose stack     at /usr/local/lib/node_modules/npm/node_modules/read-installed/read-installed.js:263:14
39 verbose stack     at cb (/usr/local/lib/node_modules/npm/node_modules/slide/lib/async-map.js:47:24)
39 verbose stack     at /usr/local/lib/node_modules/npm/node_modules/read-installed/read-installed.js:263:14
39 verbose stack     at cb (/usr/local/lib/node_modules/npm/node_modules/slide/lib/async-map.js:47:24)
39 verbose stack     at /usr/local/lib/node_modules/npm/node_modules/read-installed/read-installed.js:263:14
39 verbose stack     at cb (/usr/local/lib/node_modules/npm/node_modules/slide/lib/async-map.js:47:24)
39 verbose stack     at /usr/local/lib/node_modules/npm/node_modules/read-installed/read-installed.js:263:14
40 verbose cwd /Users/LetanyanArumugam/Documents/GitHub/COS301-Capstone/Source/Web/functions
41 error Darwin 16.7.0
42 error argv "/usr/local/bin/node" "/usr/local/bin/npm" "install"
43 error node v4.4.4
44 error npm  v2.15.1
45 error code EPEERINVALID
46 error peerinvalid The package @babel/core@7.0.0-beta.38 does not satisfy its siblings' peerDependencies requirements!
46 error peerinvalid Peer @babel/plugin-check-constants@7.0.0-beta.38 wants @babel/core@7.0.0-beta.38
46 error peerinvalid Peer @babel/plugin-proposal-async-generator-functions@7.0.0-beta.42 wants @babel/core@7.0.0-beta.42
46 error peerinvalid Peer @babel/plugin-proposal-object-rest-spread@7.0.0-beta.42 wants @babel/core@7.0.0-beta.42
46 error peerinvalid Peer @babel/plugin-transform-async-to-generator@7.0.0-beta.42 wants @babel/core@7.0.0-beta.42
46 error peerinvalid Peer @babel/plugin-transform-destructuring@7.0.0-beta.42 wants @babel/core@7.0.0-beta.42
46 error peerinvalid Peer @babel/plugin-transform-dotall-regex@7.0.0-beta.42 wants @babel/core@7.0.0-beta.42
46 error peerinvalid Peer @babel/plugin-transform-exponentiation-operator@7.0.0-beta.42 wants @babel/core@7.0.0-beta.42
46 error peerinvalid Peer @babel/plugin-transform-function-name@7.0.0-beta.42 wants @babel/core@7.0.0-beta.42
46 error peerinvalid Peer @babel/plugin-transform-modules-commonjs@7.0.0-beta.42 wants @babel/core@7.0.0-beta.42
46 error peerinvalid Peer @babel/plugin-transform-parameters@7.0.0-beta.42 wants @babel/core@7.0.0-beta.42
46 error peerinvalid Peer @babel/plugin-transform-spread@7.0.0-beta.42 wants @babel/core@7.0.0-beta.42
46 error peerinvalid Peer @babel/plugin-transform-sticky-regex@7.0.0-beta.42 wants @babel/core@7.0.0-beta.42
46 error peerinvalid Peer @babel/plugin-transform-unicode-regex@7.0.0-beta.42 wants @babel/core@7.0.0-beta.42
47 verbose exit [ 1, true ]
